e:\vs\mystl\chenstl\release\vc140.pdb
e:\vs\mystl\chenstl\release\源.obj
e:\vs\mystl\chenstl\release\malloc_alloc.obj
e:\vs\mystl\chenstl\release\default_alloc.obj
e:\vs\mystl\chenstl\release\construct.obj
e:\vs\mystl\release\chenstl.exe
e:\vs\mystl\release\chenstl.ipdb
e:\vs\mystl\release\chenstl.iobj
e:\vs\mystl\release\chenstl.pdb
e:\vs\mystl\chenstl\release\nativecodeanalysis.read.1.tlog
e:\vs\mystl\chenstl\release\construct.nativecodeanalysis.xml
e:\vs\mystl\chenstl\release\default_alloc.nativecodeanalysis.xml
e:\vs\mystl\chenstl\release\malloc_alloc.nativecodeanalysis.xml
e:\vs\mystl\chenstl\release\vc.nativecodeanalysis.all.xml
e:\vs\mystl\chenstl\release\源.nativecodeanalysis.xml
e:\vs\mystl\release\chenstl.exe.lastcodeanalysissucceeded
e:\vs\mystl\chenstl\release\chenstl.tlog\cl.command.1.tlog
e:\vs\mystl\chenstl\release\chenstl.tlog\cl.read.1.tlog
e:\vs\mystl\chenstl\release\chenstl.tlog\cl.write.1.tlog
e:\vs\mystl\chenstl\release\chenstl.tlog\link.command.1.tlog
e:\vs\mystl\chenstl\release\chenstl.tlog\link.read.1.tlog
e:\vs\mystl\chenstl\release\chenstl.tlog\link.write.1.tlog
